Performing C++ SOURCE FILE Test CMAKE_HAVE_LIBC_PTHREAD failed with the following output:
Change Dir: /home/hiroki/SGXOram/PartitionORAM/build/CMakeFiles/CMakeTmp

Run Build Command(s):/usr/bin/make -f Makefile cmTC_44378/fast && /usr/bin/make  -f CMakeFiles/cmTC_44378.dir/build.make CMakeFiles/cmTC_44378.dir/build
make[1]: Entering directory '/home/hiroki/SGXOram/PartitionORAM/build/CMakeFiles/CMakeTmp'
Building CXX object CMakeFiles/cmTC_44378.dir/src.cxx.o
/usr/bin/c++ -DCMAKE_HAVE_LIBC_PTHREAD  -std=gnu++1z -o CMakeFiles/cmTC_44378.dir/src.cxx.o -c /home/hiroki/SGXOram/PartitionORAM/build/CMakeFiles/CMakeTmp/src.cxx
Linking CXX executable cmTC_44378
/usr/local/bin/cmake -E cmake_link_script CMakeFiles/cmTC_44378.dir/link.txt --verbose=1
/usr/bin/c++ CMakeFiles/cmTC_44378.dir/src.cxx.o -o cmTC_44378 
/usr/local/bin/ld: CMakeFiles/cmTC_44378.dir/src.cxx.o: in function `main':
src.cxx:(.text+0x3e): undefined reference to `pthread_create'
/usr/local/bin/ld: src.cxx:(.text+0x4a): undefined reference to `pthread_detach'
/usr/local/bin/ld: src.cxx:(.text+0x56): undefined reference to `pthread_cancel'
/usr/local/bin/ld: src.cxx:(.text+0x67): undefined reference to `pthread_join'
/usr/local/bin/ld: src.cxx:(.text+0x7b): undefined reference to `pthread_atfork'
collect2: error: ld returned 1 exit status
CMakeFiles/cmTC_44378.dir/build.make:98: recipe for target 'cmTC_44378' failed
make[1]: *** [cmTC_44378] Error 1
make[1]: Leaving directory '/home/hiroki/SGXOram/PartitionORAM/build/CMakeFiles/CMakeTmp'
Makefile:127: recipe for target 'cmTC_44378/fast' failed
make: *** [cmTC_44378/fast] Error 2


Source file was:
#include <pthread.h>

static void* test_func(void* data)
{
  return data;
}

int main(void)
{
  pthread_t thread;
  pthread_create(&thread, NULL, test_func, NULL);
  pthread_detach(thread);
  pthread_cancel(thread);
  pthread_join(thread, NULL);
  pthread_atfork(NULL, NULL, NULL);
  pthread_exit(NULL);

  return 0;
}

Determining if the function pthread_create exists in the pthreads failed with the following output:
Change Dir: /home/hiroki/SGXOram/PartitionORAM/build/CMakeFiles/CMakeTmp

Run Build Command(s):/usr/bin/make -f Makefile cmTC_7d1e4/fast && /usr/bin/make  -f CMakeFiles/cmTC_7d1e4.dir/build.make CMakeFiles/cmTC_7d1e4.dir/build
make[1]: Entering directory '/home/hiroki/SGXOram/PartitionORAM/build/CMakeFiles/CMakeTmp'
Building CXX object CMakeFiles/cmTC_7d1e4.dir/CheckFunctionExists.cxx.o
/usr/bin/c++   -DCHECK_FUNCTION_EXISTS=pthread_create -std=gnu++1z -o CMakeFiles/cmTC_7d1e4.dir/CheckFunctionExists.cxx.o -c /home/hiroki/SGXOram/PartitionORAM/build/CMakeFiles/CheckLibraryExists/CheckFunctionExists.cxx
Linking CXX executable cmTC_7d1e4
/usr/local/bin/cmake -E cmake_link_script CMakeFiles/cmTC_7d1e4.dir/link.txt --verbose=1
/usr/bin/c++  -DCHECK_FUNCTION_EXISTS=pthread_create CMakeFiles/cmTC_7d1e4.dir/CheckFunctionExists.cxx.o -o cmTC_7d1e4  -lpthreads 
/usr/local/bin/ld: cannot find -lpthreads
collect2: error: ld returned 1 exit status
CMakeFiles/cmTC_7d1e4.dir/build.make:98: recipe for target 'cmTC_7d1e4' failed
make[1]: *** [cmTC_7d1e4] Error 1
make[1]: Leaving directory '/home/hiroki/SGXOram/PartitionORAM/build/CMakeFiles/CMakeTmp'
Makefile:127: recipe for target 'cmTC_7d1e4/fast' failed
make: *** [cmTC_7d1e4/fast] Error 2



